mode: set
github.com/aliml92/realworld-gin-sqlc/api/article_handler.go:36.47,42.50 2 0
github.com/aliml92/realworld-gin-sqlc/api/article_handler.go:42.50,45.3 2 0
github.com/aliml92/realworld-gin-sqlc/api/article_handler.go:46.2,46.22 1 0
github.com/aliml92/realworld-gin-sqlc/api/article_handler.go:46.22,48.3 1 0
github.com/aliml92/realworld-gin-sqlc/api/article_handler.go:49.2,50.17 2 0
github.com/aliml92/realworld-gin-sqlc/api/article_handler.go:50.17,52.3 1 0
github.com/aliml92/realworld-gin-sqlc/api/article_handler.go:53.2,53.21 1 0
github.com/aliml92/realworld-gin-sqlc/api/article_handler.go:53.21,61.17 3 0
github.com/aliml92/realworld-gin-sqlc/api/article_handler.go:61.17,64.4 2 0
github.com/aliml92/realworld-gin-sqlc/api/article_handler.go:65.3,65.22 1 0
github.com/aliml92/realworld-gin-sqlc/api/article_handler.go:65.22,68.4 2 0
github.com/aliml92/realworld-gin-sqlc/api/article_handler.go:69.3,70.17 2 0
github.com/aliml92/realworld-gin-sqlc/api/article_handler.go:70.17,73.4 2 0
github.com/aliml92/realworld-gin-sqlc/api/article_handler.go:74.3,75.9 2 0
github.com/aliml92/realworld-gin-sqlc/api/article_handler.go:76.8,76.31 1 0
github.com/aliml92/realworld-gin-sqlc/api/article_handler.go:76.31,84.17 3 0
github.com/aliml92/realworld-gin-sqlc/api/article_handler.go:84.17,87.4 2 0
github.com/aliml92/realworld-gin-sqlc/api/article_handler.go:88.3,88.22 1 0
github.com/aliml92/realworld-gin-sqlc/api/article_handler.go:88.22,91.4 2 0
github.com/aliml92/realworld-gin-sqlc/api/article_handler.go:92.3,93.17 2 0
github.com/aliml92/realworld-gin-sqlc/api/article_handler.go:93.17,96.4 2 0
github.com/aliml92/realworld-gin-sqlc/api/article_handler.go:97.3,98.9 2 0
github.com/aliml92/realworld-gin-sqlc/api/article_handler.go:99.8,99.34 1 0
github.com/aliml92/realworld-gin-sqlc/api/article_handler.go:99.34,107.17 3 0
github.com/aliml92/realworld-gin-sqlc/api/article_handler.go:107.17,110.4 2 0
github.com/aliml92/realworld-gin-sqlc/api/article_handler.go:111.3,111.22 1 0
github.com/aliml92/realworld-gin-sqlc/api/article_handler.go:111.22,114.4 2 0
github.com/aliml92/realworld-gin-sqlc/api/article_handler.go:115.3,116.17 2 0
github.com/aliml92/realworld-gin-sqlc/api/article_handler.go:116.17,119.4 2 0
github.com/aliml92/realworld-gin-sqlc/api/article_handler.go:120.3,121.9 2 0
github.com/aliml92/realworld-gin-sqlc/api/article_handler.go:123.2,129.16 3 0
github.com/aliml92/realworld-gin-sqlc/api/article_handler.go:129.16,132.3 2 0
github.com/aliml92/realworld-gin-sqlc/api/article_handler.go:133.2,133.21 1 0
github.com/aliml92/realworld-gin-sqlc/api/article_handler.go:133.21,136.3 2 0
github.com/aliml92/realworld-gin-sqlc/api/article_handler.go:137.2,138.16 2 0
github.com/aliml92/realworld-gin-sqlc/api/article_handler.go:138.16,141.3 2 0
github.com/aliml92/realworld-gin-sqlc/api/article_handler.go:142.2,142.61 1 0
github.com/aliml92/realworld-gin-sqlc/api/article_handler.go:145.98,164.35 3 0
github.com/aliml92/realworld-gin-sqlc/api/article_handler.go:164.35,170.29 6 0
github.com/aliml92/realworld-gin-sqlc/api/article_handler.go:170.29,173.21 3 0
github.com/aliml92/realworld-gin-sqlc/api/article_handler.go:173.21,175.5 1 0
github.com/aliml92/realworld-gin-sqlc/api/article_handler.go:176.9,178.4 1 0
github.com/aliml92/realworld-gin-sqlc/api/article_handler.go:179.3,182.36 4 0
github.com/aliml92/realworld-gin-sqlc/api/article_handler.go:182.36,184.4 1 0
github.com/aliml92/realworld-gin-sqlc/api/article_handler.go:184.9,186.4 1 0
github.com/aliml92/realworld-gin-sqlc/api/article_handler.go:187.3,190.56 4 0
github.com/aliml92/realworld-gin-sqlc/api/article_handler.go:192.2,193.13 2 0
github.com/aliml92/realworld-gin-sqlc/api/article_handler.go:197.104,216.35 3 0
github.com/aliml92/realworld-gin-sqlc/api/article_handler.go:216.35,222.29 6 0
github.com/aliml92/realworld-gin-sqlc/api/article_handler.go:222.29,225.21 3 0
github.com/aliml92/realworld-gin-sqlc/api/article_handler.go:225.21,227.5 1 0
github.com/aliml92/realworld-gin-sqlc/api/article_handler.go:228.9,230.4 1 0
github.com/aliml92/realworld-gin-sqlc/api/article_handler.go:231.3,234.36 4 0
github.com/aliml92/realworld-gin-sqlc/api/article_handler.go:234.36,236.4 1 0
github.com/aliml92/realworld-gin-sqlc/api/article_handler.go:236.9,238.4 1 0
github.com/aliml92/realworld-gin-sqlc/api/article_handler.go:239.3,242.56 4 0
github.com/aliml92/realworld-gin-sqlc/api/article_handler.go:244.2,245.13 2 0
github.com/aliml92/realworld-gin-sqlc/api/article_handler.go:248.110,267.35 3 0
github.com/aliml92/realworld-gin-sqlc/api/article_handler.go:267.35,273.29 6 0
github.com/aliml92/realworld-gin-sqlc/api/article_handler.go:273.29,276.21 3 0
github.com/aliml92/realworld-gin-sqlc/api/article_handler.go:276.21,278.5 1 0
github.com/aliml92/realworld-gin-sqlc/api/article_handler.go:279.9,281.4 1 0
github.com/aliml92/realworld-gin-sqlc/api/article_handler.go:282.3,285.36 4 0
github.com/aliml92/realworld-gin-sqlc/api/article_handler.go:285.36,287.4 1 0
github.com/aliml92/realworld-gin-sqlc/api/article_handler.go:287.9,289.4 1 0
github.com/aliml92/realworld-gin-sqlc/api/article_handler.go:290.3,293.56 4 0
github.com/aliml92/realworld-gin-sqlc/api/article_handler.go:295.2,296.13 2 0
github.com/aliml92/realworld-gin-sqlc/api/article_handler.go:299.88,318.35 3 0
github.com/aliml92/realworld-gin-sqlc/api/article_handler.go:318.35,324.29 6 0
github.com/aliml92/realworld-gin-sqlc/api/article_handler.go:324.29,327.21 3 0
github.com/aliml92/realworld-gin-sqlc/api/article_handler.go:327.21,329.5 1 0
github.com/aliml92/realworld-gin-sqlc/api/article_handler.go:330.9,332.4 1 0
github.com/aliml92/realworld-gin-sqlc/api/article_handler.go:333.3,336.36 4 0
github.com/aliml92/realworld-gin-sqlc/api/article_handler.go:336.36,338.4 1 0
github.com/aliml92/realworld-gin-sqlc/api/article_handler.go:338.9,340.4 1 0
github.com/aliml92/realworld-gin-sqlc/api/article_handler.go:341.3,344.56 4 0
github.com/aliml92/realworld-gin-sqlc/api/article_handler.go:346.2,347.13 2 0
github.com/aliml92/realworld-gin-sqlc/api/article_handler.go:368.47,374.50 3 0
github.com/aliml92/realworld-gin-sqlc/api/article_handler.go:374.50,377.3 2 0
github.com/aliml92/realworld-gin-sqlc/api/article_handler.go:378.2,378.22 1 0
github.com/aliml92/realworld-gin-sqlc/api/article_handler.go:378.22,380.3 1 0
github.com/aliml92/realworld-gin-sqlc/api/article_handler.go:381.2,382.16 2 0
github.com/aliml92/realworld-gin-sqlc/api/article_handler.go:382.16,385.3 2 0
github.com/aliml92/realworld-gin-sqlc/api/article_handler.go:386.2,386.9 1 0
github.com/aliml92/realworld-gin-sqlc/api/article_handler.go:386.9,389.3 2 0
github.com/aliml92/realworld-gin-sqlc/api/article_handler.go:390.2,395.16 2 0
github.com/aliml92/realworld-gin-sqlc/api/article_handler.go:395.16,398.3 2 0
github.com/aliml92/realworld-gin-sqlc/api/article_handler.go:399.2,399.21 1 0
github.com/aliml92/realworld-gin-sqlc/api/article_handler.go:399.21,402.3 2 0
github.com/aliml92/realworld-gin-sqlc/api/article_handler.go:403.2,404.16 2 0
github.com/aliml92/realworld-gin-sqlc/api/article_handler.go:404.16,407.3 2 0
github.com/aliml92/realworld-gin-sqlc/api/article_handler.go:408.2,408.64 1 0
github.com/aliml92/realworld-gin-sqlc/api/article_handler.go:432.95,451.35 3 0
github.com/aliml92/realworld-gin-sqlc/api/article_handler.go:451.35,457.29 6 0
github.com/aliml92/realworld-gin-sqlc/api/article_handler.go:457.29,460.21 3 0
github.com/aliml92/realworld-gin-sqlc/api/article_handler.go:460.21,462.5 1 0
github.com/aliml92/realworld-gin-sqlc/api/article_handler.go:463.9,465.4 1 0
github.com/aliml92/realworld-gin-sqlc/api/article_handler.go:466.3,469.36 4 0
github.com/aliml92/realworld-gin-sqlc/api/article_handler.go:469.36,471.4 1 0
github.com/aliml92/realworld-gin-sqlc/api/article_handler.go:471.9,473.4 1 0
github.com/aliml92/realworld-gin-sqlc/api/article_handler.go:474.3,477.43 4 0
github.com/aliml92/realworld-gin-sqlc/api/article_handler.go:479.2,480.13 2 0
github.com/aliml92/realworld-gin-sqlc/api/article_handler.go:504.102,511.28 7 0
github.com/aliml92/realworld-gin-sqlc/api/article_handler.go:511.28,514.20 3 0
github.com/aliml92/realworld-gin-sqlc/api/article_handler.go:514.20,516.4 1 0
github.com/aliml92/realworld-gin-sqlc/api/article_handler.go:517.8,519.3 1 0
github.com/aliml92/realworld-gin-sqlc/api/article_handler.go:520.2,528.13 9 0
github.com/aliml92/realworld-gin-sqlc/api/article_handler.go:542.45,549.17 3 0
github.com/aliml92/realworld-gin-sqlc/api/article_handler.go:549.17,551.3 1 0
github.com/aliml92/realworld-gin-sqlc/api/article_handler.go:552.2,554.16 3 0
github.com/aliml92/realworld-gin-sqlc/api/article_handler.go:554.16,558.3 3 0
github.com/aliml92/realworld-gin-sqlc/api/article_handler.go:559.2,559.20 1 0
github.com/aliml92/realworld-gin-sqlc/api/article_handler.go:559.20,562.3 2 0
github.com/aliml92/realworld-gin-sqlc/api/article_handler.go:563.2,563.22 1 0
github.com/aliml92/realworld-gin-sqlc/api/article_handler.go:563.22,568.17 2 0
github.com/aliml92/realworld-gin-sqlc/api/article_handler.go:568.17,571.4 2 0
github.com/aliml92/realworld-gin-sqlc/api/article_handler.go:572.3,576.17 2 0
github.com/aliml92/realworld-gin-sqlc/api/article_handler.go:576.17,579.4 2 0
github.com/aliml92/realworld-gin-sqlc/api/article_handler.go:581.2,581.74 1 0
github.com/aliml92/realworld-gin-sqlc/api/article_handler.go:593.86,594.46 1 0
github.com/aliml92/realworld-gin-sqlc/api/article_handler.go:594.46,596.3 1 0
github.com/aliml92/realworld-gin-sqlc/api/article_handler.go:597.2,601.34 5 0
github.com/aliml92/realworld-gin-sqlc/api/article_handler.go:601.34,603.3 1 0
github.com/aliml92/realworld-gin-sqlc/api/article_handler.go:603.8,605.3 1 0
github.com/aliml92/realworld-gin-sqlc/api/article_handler.go:606.2,606.12 1 0
github.com/aliml92/realworld-gin-sqlc/api/article_handler.go:622.48,628.40 3 0
github.com/aliml92/realworld-gin-sqlc/api/article_handler.go:628.40,630.3 1 0
github.com/aliml92/realworld-gin-sqlc/api/article_handler.go:631.2,633.16 3 0
github.com/aliml92/realworld-gin-sqlc/api/article_handler.go:633.16,637.3 3 0
github.com/aliml92/realworld-gin-sqlc/api/article_handler.go:638.2,638.61 1 0
github.com/aliml92/realworld-gin-sqlc/api/article_handler.go:641.81,656.2 14 0
github.com/aliml92/realworld-gin-sqlc/api/article_handler.go:666.86,667.46 1 0
github.com/aliml92/realworld-gin-sqlc/api/article_handler.go:667.46,669.3 1 0
github.com/aliml92/realworld-gin-sqlc/api/article_handler.go:670.2,673.12 4 0
github.com/aliml92/realworld-gin-sqlc/api/article_handler.go:690.48,697.40 4 0
github.com/aliml92/realworld-gin-sqlc/api/article_handler.go:697.40,699.3 1 0
github.com/aliml92/realworld-gin-sqlc/api/article_handler.go:700.2,703.16 4 0
github.com/aliml92/realworld-gin-sqlc/api/article_handler.go:703.16,704.37 1 0
github.com/aliml92/realworld-gin-sqlc/api/article_handler.go:704.37,707.4 2 0
github.com/aliml92/realworld-gin-sqlc/api/article_handler.go:708.3,708.38 1 0
github.com/aliml92/realworld-gin-sqlc/api/article_handler.go:708.38,711.4 2 0
github.com/aliml92/realworld-gin-sqlc/api/article_handler.go:712.3,713.9 2 0
github.com/aliml92/realworld-gin-sqlc/api/article_handler.go:715.2,715.104 1 0
github.com/aliml92/realworld-gin-sqlc/api/article_handler.go:731.48,738.54 4 0
github.com/aliml92/realworld-gin-sqlc/api/article_handler.go:738.54,739.38 1 0
github.com/aliml92/realworld-gin-sqlc/api/article_handler.go:739.38,742.4 2 0
github.com/aliml92/realworld-gin-sqlc/api/article_handler.go:743.3,743.37 1 0
github.com/aliml92/realworld-gin-sqlc/api/article_handler.go:743.37,746.4 2 0
github.com/aliml92/realworld-gin-sqlc/api/article_handler.go:747.3,748.9 2 0
github.com/aliml92/realworld-gin-sqlc/api/article_handler.go:750.2,750.35 1 0
github.com/aliml92/realworld-gin-sqlc/api/article_handler.go:759.78,760.46 1 0
github.com/aliml92/realworld-gin-sqlc/api/article_handler.go:760.46,762.3 1 0
github.com/aliml92/realworld-gin-sqlc/api/article_handler.go:763.2,765.12 3 0
github.com/aliml92/realworld-gin-sqlc/api/article_handler.go:782.45,789.40 4 0
github.com/aliml92/realworld-gin-sqlc/api/article_handler.go:789.40,791.3 1 0
github.com/aliml92/realworld-gin-sqlc/api/article_handler.go:792.2,794.16 3 0
github.com/aliml92/realworld-gin-sqlc/api/article_handler.go:794.16,797.3 2 0
github.com/aliml92/realworld-gin-sqlc/api/article_handler.go:798.2,798.21 1 0
github.com/aliml92/realworld-gin-sqlc/api/article_handler.go:798.21,801.3 2 0
github.com/aliml92/realworld-gin-sqlc/api/article_handler.go:802.2,804.16 3 0
github.com/aliml92/realworld-gin-sqlc/api/article_handler.go:804.16,807.3 2 0
github.com/aliml92/realworld-gin-sqlc/api/article_handler.go:808.2,809.16 2 0
github.com/aliml92/realworld-gin-sqlc/api/article_handler.go:809.16,812.3 2 0
github.com/aliml92/realworld-gin-sqlc/api/article_handler.go:813.2,813.17 1 0
github.com/aliml92/realworld-gin-sqlc/api/article_handler.go:813.17,816.3 2 0
github.com/aliml92/realworld-gin-sqlc/api/article_handler.go:817.2,817.63 1 0
github.com/aliml92/realworld-gin-sqlc/api/article_handler.go:835.78,845.2 9 0
github.com/aliml92/realworld-gin-sqlc/api/article_handler.go:860.46,863.17 3 0
github.com/aliml92/realworld-gin-sqlc/api/article_handler.go:863.17,865.3 1 0
github.com/aliml92/realworld-gin-sqlc/api/article_handler.go:866.2,868.16 3 0
github.com/aliml92/realworld-gin-sqlc/api/article_handler.go:868.16,871.3 2 0
github.com/aliml92/realworld-gin-sqlc/api/article_handler.go:872.2,873.43 2 0
github.com/aliml92/realworld-gin-sqlc/api/article_handler.go:873.43,875.36 2 0
github.com/aliml92/realworld-gin-sqlc/api/article_handler.go:875.36,877.4 1 0
github.com/aliml92/realworld-gin-sqlc/api/article_handler.go:878.3,883.17 3 0
github.com/aliml92/realworld-gin-sqlc/api/article_handler.go:883.17,886.4 2 0
github.com/aliml92/realworld-gin-sqlc/api/article_handler.go:888.2,888.71 1 0
github.com/aliml92/realworld-gin-sqlc/api/article_handler.go:909.22,924.35 2 0
github.com/aliml92/realworld-gin-sqlc/api/article_handler.go:924.35,932.32 8 0
github.com/aliml92/realworld-gin-sqlc/api/article_handler.go:932.32,934.4 1 0
github.com/aliml92/realworld-gin-sqlc/api/article_handler.go:937.2,937.12 1 0
github.com/aliml92/realworld-gin-sqlc/api/article_handler.go:954.48,963.16 5 0
github.com/aliml92/realworld-gin-sqlc/api/article_handler.go:963.16,964.38 1 0
github.com/aliml92/realworld-gin-sqlc/api/article_handler.go:964.38,967.4 2 0
github.com/aliml92/realworld-gin-sqlc/api/article_handler.go:968.3,968.37 1 0
github.com/aliml92/realworld-gin-sqlc/api/article_handler.go:968.37,971.4 2 0
github.com/aliml92/realworld-gin-sqlc/api/article_handler.go:973.2,973.35 1 0
github.com/aliml92/realworld-gin-sqlc/api/article_handler.go:989.50,997.16 5 0
github.com/aliml92/realworld-gin-sqlc/api/article_handler.go:997.16,998.37 1 0
github.com/aliml92/realworld-gin-sqlc/api/article_handler.go:998.37,1001.4 2 0
github.com/aliml92/realworld-gin-sqlc/api/article_handler.go:1002.3,1003.9 2 0
github.com/aliml92/realworld-gin-sqlc/api/article_handler.go:1005.2,1005.80 1 0
github.com/aliml92/realworld-gin-sqlc/api/article_handler.go:1021.52,1029.16 5 0
github.com/aliml92/realworld-gin-sqlc/api/article_handler.go:1029.16,1030.36 1 0
github.com/aliml92/realworld-gin-sqlc/api/article_handler.go:1030.36,1033.4 2 0
github.com/aliml92/realworld-gin-sqlc/api/article_handler.go:1034.3,1035.9 2 0
github.com/aliml92/realworld-gin-sqlc/api/article_handler.go:1037.2,1037.80 1 0
github.com/aliml92/realworld-gin-sqlc/api/article_handler.go:1049.42,1051.16 2 0
github.com/aliml92/realworld-gin-sqlc/api/article_handler.go:1051.16,1054.3 2 0
github.com/aliml92/realworld-gin-sqlc/api/article_handler.go:1055.2,1055.46 1 0
github.com/aliml92/realworld-gin-sqlc/api/article_handler.go:1062.51,1066.2 1 0
github.com/aliml92/realworld-gin-sqlc/api/error.go:21.43,26.2 4 1
github.com/aliml92/realworld-gin-sqlc/api/error.go:28.33,33.2 4 1
github.com/aliml92/realworld-gin-sqlc/api/error.go:37.39,39.28 2 1
github.com/aliml92/realworld-gin-sqlc/api/error.go:39.28,40.31 1 1
github.com/aliml92/realworld-gin-sqlc/api/error.go:41.29,42.34 1 1
github.com/aliml92/realworld-gin-sqlc/api/error.go:43.26,44.31 1 1
github.com/aliml92/realworld-gin-sqlc/api/error.go:47.2,47.12 1 1
github.com/aliml92/realworld-gin-sqlc/api/error.go:52.53,53.16 1 1
github.com/aliml92/realworld-gin-sqlc/api/error.go:53.16,55.3 1 1
github.com/aliml92/realworld-gin-sqlc/api/error.go:57.2,57.26 1 1
github.com/aliml92/realworld-gin-sqlc/api/error.go:57.26,59.3 1 1
github.com/aliml92/realworld-gin-sqlc/api/error.go:61.2,61.17 1 1
github.com/aliml92/realworld-gin-sqlc/api/error.go:64.62,65.16 1 0
github.com/aliml92/realworld-gin-sqlc/api/error.go:65.16,67.3 1 0
github.com/aliml92/realworld-gin-sqlc/api/error.go:69.2,69.26 1 0
github.com/aliml92/realworld-gin-sqlc/api/error.go:69.26,71.3 1 0
github.com/aliml92/realworld-gin-sqlc/api/error.go:73.2,73.17 1 0
github.com/aliml92/realworld-gin-sqlc/api/error.go:76.56,77.16 1 0
github.com/aliml92/realworld-gin-sqlc/api/error.go:77.16,79.3 1 0
github.com/aliml92/realworld-gin-sqlc/api/error.go:81.2,81.26 1 0
github.com/aliml92/realworld-gin-sqlc/api/error.go:81.26,83.3 1 0
github.com/aliml92/realworld-gin-sqlc/api/error.go:85.2,85.16 1 0
github.com/aliml92/realworld-gin-sqlc/api/middleware.go:9.39,10.30 1 1
github.com/aliml92/realworld-gin-sqlc/api/middleware.go:10.30,12.17 2 1
github.com/aliml92/realworld-gin-sqlc/api/middleware.go:12.17,16.4 3 0
github.com/aliml92/realworld-gin-sqlc/api/middleware.go:17.3,17.11 1 1
github.com/aliml92/realworld-gin-sqlc/api/server.go:23.81,25.34 2 1
github.com/aliml92/realworld-gin-sqlc/api/server.go:25.34,27.3 1 1
github.com/aliml92/realworld-gin-sqlc/api/server.go:27.8,29.3 1 0
github.com/aliml92/realworld-gin-sqlc/api/server.go:30.2,36.15 2 1
github.com/aliml92/realworld-gin-sqlc/api/server.go:39.34,71.2 27 1
github.com/aliml92/realworld-gin-sqlc/api/server.go:73.41,81.2 7 0
github.com/aliml92/realworld-gin-sqlc/api/server.go:83.43,85.2 1 0
github.com/aliml92/realworld-gin-sqlc/api/server.go:87.79,92.13 2 0
github.com/aliml92/realworld-gin-sqlc/api/server.go:92.13,95.17 3 0
github.com/aliml92/realworld-gin-sqlc/api/server.go:95.17,97.4 1 0
github.com/aliml92/realworld-gin-sqlc/api/server.go:98.3,98.22 1 0
github.com/aliml92/realworld-gin-sqlc/api/server.go:98.22,100.4 1 0
github.com/aliml92/realworld-gin-sqlc/api/server.go:102.2,102.24 1 0
github.com/aliml92/realworld-gin-sqlc/api/token.go:12.45,21.2 5 1
github.com/aliml92/realworld-gin-sqlc/api/token.go:23.46,25.47 2 1
github.com/aliml92/realworld-gin-sqlc/api/token.go:25.47,27.3 1 1
github.com/aliml92/realworld-gin-sqlc/api/token.go:28.2,28.11 1 0
github.com/aliml92/realworld-gin-sqlc/api/token.go:32.55,34.118 2 1
github.com/aliml92/realworld-gin-sqlc/api/token.go:34.118,36.3 1 1
github.com/aliml92/realworld-gin-sqlc/api/token.go:37.2,37.16 1 1
github.com/aliml92/realworld-gin-sqlc/api/token.go:37.16,39.3 1 0
github.com/aliml92/realworld-gin-sqlc/api/token.go:40.2,41.9 2 1
github.com/aliml92/realworld-gin-sqlc/api/token.go:41.9,43.3 1 0
github.com/aliml92/realworld-gin-sqlc/api/token.go:45.2,45.18 1 1
github.com/aliml92/realworld-gin-sqlc/api/token.go:45.18,47.3 1 0
github.com/aliml92/realworld-gin-sqlc/api/token.go:48.2,48.28 1 1
github.com/aliml92/realworld-gin-sqlc/api/token.go:51.42,54.2 2 1
github.com/aliml92/realworld-gin-sqlc/api/token.go:56.45,60.2 3 1
github.com/aliml92/realworld-gin-sqlc/api/token.go:62.39,65.118 3 1
github.com/aliml92/realworld-gin-sqlc/api/token.go:65.118,67.3 1 1
github.com/aliml92/realworld-gin-sqlc/api/token.go:68.2,68.16 1 1
github.com/aliml92/realworld-gin-sqlc/api/token.go:68.16,70.3 1 0
github.com/aliml92/realworld-gin-sqlc/api/token.go:71.2,71.70 1 1
github.com/aliml92/realworld-gin-sqlc/api/token.go:71.70,73.3 1 1
github.com/aliml92/realworld-gin-sqlc/api/token.go:74.2,74.12 1 0
github.com/aliml92/realworld-gin-sqlc/api/user_handler.go:22.51,31.2 8 1
github.com/aliml92/realworld-gin-sqlc/api/user_handler.go:42.78,43.44 1 1
github.com/aliml92/realworld-gin-sqlc/api/user_handler.go:43.44,45.3 1 1
github.com/aliml92/realworld-gin-sqlc/api/user_handler.go:46.2,47.16 2 1
github.com/aliml92/realworld-gin-sqlc/api/user_handler.go:47.16,49.3 1 0
github.com/aliml92/realworld-gin-sqlc/api/user_handler.go:50.2,54.12 5 1
github.com/aliml92/realworld-gin-sqlc/api/user_handler.go:69.47,74.40 2 1
github.com/aliml92/realworld-gin-sqlc/api/user_handler.go:74.40,77.3 2 1
github.com/aliml92/realworld-gin-sqlc/api/user_handler.go:78.2,79.16 2 1
github.com/aliml92/realworld-gin-sqlc/api/user_handler.go:79.16,80.52 1 1
github.com/aliml92/realworld-gin-sqlc/api/user_handler.go:80.52,83.4 2 1
github.com/aliml92/realworld-gin-sqlc/api/user_handler.go:84.3,85.9 2 1
github.com/aliml92/realworld-gin-sqlc/api/user_handler.go:88.2,88.51 1 1
github.com/aliml92/realworld-gin-sqlc/api/user_handler.go:111.44,113.47 2 1
github.com/aliml92/realworld-gin-sqlc/api/user_handler.go:113.47,116.3 2 1
github.com/aliml92/realworld-gin-sqlc/api/user_handler.go:117.2,118.16 2 1
github.com/aliml92/realworld-gin-sqlc/api/user_handler.go:118.16,121.3 2 1
github.com/aliml92/realworld-gin-sqlc/api/user_handler.go:122.2,122.14 1 1
github.com/aliml92/realworld-gin-sqlc/api/user_handler.go:122.14,125.3 2 1
github.com/aliml92/realworld-gin-sqlc/api/user_handler.go:126.2,126.101 1 1
github.com/aliml92/realworld-gin-sqlc/api/user_handler.go:126.101,129.3 2 1
github.com/aliml92/realworld-gin-sqlc/api/user_handler.go:131.2,131.43 1 1
github.com/aliml92/realworld-gin-sqlc/api/user_handler.go:147.49,150.16 3 1
github.com/aliml92/realworld-gin-sqlc/api/user_handler.go:150.16,153.3 2 1
github.com/aliml92/realworld-gin-sqlc/api/user_handler.go:154.2,154.17 1 1
github.com/aliml92/realworld-gin-sqlc/api/user_handler.go:154.17,157.3 2 1
github.com/aliml92/realworld-gin-sqlc/api/user_handler.go:158.2,158.46 1 1
github.com/aliml92/realworld-gin-sqlc/api/user_handler.go:171.78,172.46 1 1
github.com/aliml92/realworld-gin-sqlc/api/user_handler.go:172.46,174.3 1 1
github.com/aliml92/realworld-gin-sqlc/api/user_handler.go:175.2,177.30 3 1
github.com/aliml92/realworld-gin-sqlc/api/user_handler.go:177.30,179.17 2 1
github.com/aliml92/realworld-gin-sqlc/api/user_handler.go:179.17,181.4 1 0
github.com/aliml92/realworld-gin-sqlc/api/user_handler.go:182.3,183.29 2 1
github.com/aliml92/realworld-gin-sqlc/api/user_handler.go:185.2,187.12 3 1
github.com/aliml92/realworld-gin-sqlc/api/user_handler.go:204.45,210.40 3 1
github.com/aliml92/realworld-gin-sqlc/api/user_handler.go:210.40,213.3 2 1
github.com/aliml92/realworld-gin-sqlc/api/user_handler.go:214.2,216.16 3 1
github.com/aliml92/realworld-gin-sqlc/api/user_handler.go:216.16,217.52 1 1
github.com/aliml92/realworld-gin-sqlc/api/user_handler.go:217.52,219.4 1 1
github.com/aliml92/realworld-gin-sqlc/api/user_handler.go:220.3,221.9 2 1
github.com/aliml92/realworld-gin-sqlc/api/user_handler.go:223.2,223.14 1 1
github.com/aliml92/realworld-gin-sqlc/api/user_handler.go:223.14,226.3 2 1
github.com/aliml92/realworld-gin-sqlc/api/user_handler.go:227.2,227.43 1 1
github.com/aliml92/realworld-gin-sqlc/api/user_handler.go:239.72,246.2 6 1
github.com/aliml92/realworld-gin-sqlc/api/user_handler.go:260.45,266.17 3 1
github.com/aliml92/realworld-gin-sqlc/api/user_handler.go:266.17,268.3 1 1
github.com/aliml92/realworld-gin-sqlc/api/user_handler.go:269.2,271.16 3 1
github.com/aliml92/realworld-gin-sqlc/api/user_handler.go:271.16,274.3 2 0
github.com/aliml92/realworld-gin-sqlc/api/user_handler.go:275.2,275.17 1 1
github.com/aliml92/realworld-gin-sqlc/api/user_handler.go:275.17,278.3 2 0
github.com/aliml92/realworld-gin-sqlc/api/user_handler.go:279.2,279.22 1 1
github.com/aliml92/realworld-gin-sqlc/api/user_handler.go:279.22,285.17 3 1
github.com/aliml92/realworld-gin-sqlc/api/user_handler.go:285.17,288.4 2 0
github.com/aliml92/realworld-gin-sqlc/api/user_handler.go:291.2,291.62 1 1
github.com/aliml92/realworld-gin-sqlc/api/user_handler.go:306.45,310.16 4 1
github.com/aliml92/realworld-gin-sqlc/api/user_handler.go:310.16,313.3 2 0
github.com/aliml92/realworld-gin-sqlc/api/user_handler.go:314.2,314.17 1 1
github.com/aliml92/realworld-gin-sqlc/api/user_handler.go:314.17,317.3 2 0
github.com/aliml92/realworld-gin-sqlc/api/user_handler.go:318.2,322.67 2 1
github.com/aliml92/realworld-gin-sqlc/api/user_handler.go:322.67,325.3 2 0
github.com/aliml92/realworld-gin-sqlc/api/user_handler.go:326.2,326.55 1 1
github.com/aliml92/realworld-gin-sqlc/api/user_handler.go:341.47,345.16 4 1
github.com/aliml92/realworld-gin-sqlc/api/user_handler.go:345.16,348.3 2 0
github.com/aliml92/realworld-gin-sqlc/api/user_handler.go:349.2,349.17 1 1
github.com/aliml92/realworld-gin-sqlc/api/user_handler.go:349.17,352.3 2 0
github.com/aliml92/realworld-gin-sqlc/api/user_handler.go:353.2,357.69 2 1
github.com/aliml92/realworld-gin-sqlc/api/user_handler.go:357.69,360.3 2 0
github.com/aliml92/realworld-gin-sqlc/api/user_handler.go:361.2,361.56 1 1
github.com/aliml92/realworld-gin-sqlc/api/util.go:12.44,16.2 3 0
github.com/aliml92/realworld-gin-sqlc/api/util.go:18.38,32.2 7 0
github.com/aliml92/realworld-gin-sqlc/api/util.go:34.46,38.24 4 0
github.com/aliml92/realworld-gin-sqlc/api/util.go:38.24,40.3 1 0
github.com/aliml92/realworld-gin-sqlc/api/util.go:41.2,41.23 1 0
github.com/aliml92/realworld-gin-sqlc/api/util.go:44.26,46.2 1 1
